<?xml version="1.0" encoding="utf-8"?><testsuites name="pytest tests"><testsuite name="pytest" errors="0" failures="0" skipped="0" tests="11" time="1.434" timestamp="2026-05-17T06:15:52.533939+00:00" hostname="agent-env-abd20118-1888-44e9-bf64-5cb0914b0cbb"><testcase classname="backend.tests.test_rootlinkai_api.TestHealth" name="test_root" time="0.281" /><testcase classname="backend.tests.test_rootlinkai_api.TestInquiries" name="test_create_inquiry_valid" time="0.395" /><testcase classname="backend.tests.test_rootlinkai_api.TestInquiries" name="test_create_inquiry_no_tools" time="0.043" /><testcase classname="backend.tests.test_rootlinkai_api.TestInquiries" name="test_create_inquiry_invalid_email" time="0.042" /><testcase classname="backend.tests.test_rootlinkai_api.TestInquiries" name="test_create_inquiry_missing_fields" time="0.047" /><testcase classname="backend.tests.test_rootlinkai_api.TestInquiries" name="test_create_inquiry_empty_name" time="0.043" /><testcase classname="backend.tests.test_rootlinkai_api.TestInquiries" name="test_list_inquiries_no_id_leak" time="0.044" /><testcase classname="backend.tests.test_rootlinkai_api.TestNewsletter" name="test_subscribe_and_duplicate" time="0.170" /><testcase classname="backend.tests.test_rootlinkai_api.TestNewsletter" name="test_subscribe_invalid_email" time="0.043" /><testcase classname="backend.tests.test_rootlinkai_api.TestNewsletter" name="test_newsletter_count_is_int" time="0.043" /><testcase classname="backend.tests.test_rootlinkai_api.TestNewsletter" name="test_newsletter_count_increments" time="0.169" /></testsuite></testsuites>